0 info it worked if it ends with ok
1 verbose cli [ '/usr/bin/nodejs', '/usr/bin/npm', 'start' ]
2 info using npm@3.5.2
3 info using node@v4.2.6
4 verbose run-script [ 'prestart', 'start', 'poststart' ]
5 info lifecycle first@1.0.0~prestart: first@1.0.0
6 verbose lifecycle first@1.0.0~prestart: unsafe-perm in lifecycle true
7 verbose lifecycle first@1.0.0~prestart: PATH: /usr/share/npm/bin/node-gyp-bin:/home/temes/first/node_modules/.bin:/home/temes/bin:/home/temes/.local/bin:/usr/local/sbin:/usr/local/bin:/usr/sbin:/usr/bin:/sbin:/bin:/usr/games:/usr/local/games:/snap/bin
8 verbose lifecycle first@1.0.0~prestart: CWD: /home/temes/first
9 silly lifecycle first@1.0.0~prestart: Args: [ '-c', 'npm install' ]
10 silly lifecycle first@1.0.0~prestart: Returned: code: 0  signal: null
11 info lifecycle first@1.0.0~start: first@1.0.0
12 verbose lifecycle first@1.0.0~start: unsafe-perm in lifecycle true
13 verbose lifecycle first@1.0.0~start: PATH: /usr/share/npm/bin/node-gyp-bin:/home/temes/first/node_modules/.bin:/home/temes/bin:/home/temes/.local/bin:/usr/local/sbin:/usr/local/bin:/usr/sbin:/usr/bin:/sbin:/bin:/usr/games:/usr/local/games:/snap/bin
14 verbose lifecycle first@1.0.0~start: CWD: /home/temes/first
15 silly lifecycle first@1.0.0~start: Args: [ '-c', 'http-server -a localhost -p 3001 -c-1' ]
16 info lifecycle first@1.0.0~start: Failed to exec start script
17 verbose stack Error: first@1.0.0 start: `http-server -a localhost -p 3001 -c-1`
17 verbose stack spawn ENOENT
17 verbose stack     at ChildProcess.<anonymous> (/usr/share/npm/lib/utils/spawn.js:17:16)
17 verbose stack     at emitTwo (events.js:87:13)
17 verbose stack     at ChildProcess.emit (events.js:172:7)
17 verbose stack     at maybeClose (internal/child_process.js:821:16)
17 verbose stack     at Process.ChildProcess._handle.onexit (internal/child_process.js:211:5)
18 verbose pkgid first@1.0.0
19 verbose cwd /home/temes/first
20 error Linux 4.4.0-34-generic
21 error argv "/usr/bin/nodejs" "/usr/bin/npm" "start"
22 error node v4.2.6
23 error npm  v3.5.2
24 error file sh
25 error code ELIFECYCLE
26 error errno ENOENT
27 error syscall spawn
28 error first@1.0.0 start: `http-server -a localhost -p 3001 -c-1`
28 error spawn ENOENT
29 error Failed at the first@1.0.0 start script 'http-server -a localhost -p 3001 -c-1'.
29 error Make sure you have the latest version of node.js and npm installed.
29 error If you do, this is most likely a problem with the first package,
29 error not with npm itself.
29 error Tell the author that this fails on your system:
29 error     http-server -a localhost -p 3001 -c-1
29 error You can get information on how to open an issue for this project with:
29 error     npm bugs first
29 error Or if that isn't available, you can get their info via:
29 error     npm owner ls first
29 error There is likely additional logging output above.
30 verbose exit [ 1, true ]
